[debug] [2019-10-27T17:32:04.358Z] ----------------------------------------------------------------------
[debug] [2019-10-27T17:32:04.363Z] Command:       C:\Program Files\nodejs\node.exe C:\Users\kumar\AppData\Roaming\npm\node_modules\firebase-tools\lib\bin\firebase.js init
[debug] [2019-10-27T17:32:04.363Z] CLI Version:   7.6.1
[debug] [2019-10-27T17:32:04.363Z] Platform:      win32
[debug] [2019-10-27T17:32:04.363Z] Node Version:  v10.16.0
[debug] [2019-10-27T17:32:04.364Z] Time:          Sun Oct 27 2019 23:02:04 GMT+0530 (India Standard Time)
[debug] [2019-10-27T17:32:04.364Z] ----------------------------------------------------------------------
[debug] [2019-10-27T17:32:04.364Z] 
[debug] [2019-10-27T17:32:04.376Z] > command requires scopes: ["email","openid","https://www.googleapis.com/auth/cloudplatformprojects.readonly","https://www.googleapis.com/auth/firebase","https://www.googleapis.com/auth/cloud-platform"]
[debug] [2019-10-27T17:32:04.378Z] > authorizing via signed-in user
[info] 
     ######## #### ########  ######## ########     ###     ######  ########
     ##        ##  ##     ## ##       ##     ##  ##   ##  ##       ##
     ######    ##  ########  ######   ########  #########  ######  ######
     ##        ##  ##    ##  ##       ##     ## ##     ##       ## ##
     ##       #### ##     ## ######## ########  ##     ##  ######  ########

You're about to initialize a Firebase project in this directory:

  C:\Users\kumar\Desktop\Flutter-WebPage

Before we get started, keep in mind:

  * You are initializing in an existing Firebase project directory

[info] 
=== Project Setup
[info] 
[info] First, let's associate this project directory with a Firebase project.
[info] You can create multiple project aliases by running firebase use --add, 
[info] but for now we'll just set up a default project.
[info] 
[info] i  .firebaserc already has a default project, using sabjimandi.
[debug] [2019-10-27T17:32:13.342Z] > refreshing access token with scopes: ["email","https://www.googleapis.com/auth/cloud-platform","https://www.googleapis.com/auth/cloudplatformprojects.readonly","https://www.googleapis.com/auth/firebase","openid"]
[debug] [2019-10-27T17:32:13.342Z] >>> HTTP REQUEST POST https://www.googleapis.com/oauth2/v3/token  
 <request body omitted>
[debug] [2019-10-27T17:32:13.686Z] <<< HTTP RESPONSE 200
[debug] [2019-10-27T17:32:13.775Z] >>> HTTP REQUEST GET https://firebase.googleapis.com/v1beta1/projects/sabjimandi  
 
[debug] [2019-10-27T17:32:14.302Z] <<< HTTP RESPONSE 200
[info] 
=== Hosting Setup
[info] 
[info] Your public directory is the folder (relative to your project directory) that
[info] will contain Hosting assets to be uploaded with firebase deploy. If you
[info] have a build process for your assets, use your build's output directory.
[info] 
